<?xml version="1.0" encoding="UTF-8"?>
<!-- Generated by org.testng.reporters.JUnitReportReporter -->
<testsuite hostname="LAPTOP-CRIJDQQM" failures="0" tests="1" name="assertion.VerificationHardAssert" time="2.156" errors="0" timestamp="2025-06-14T16:18:53 IST" skipped="0">
  <testcase classname="assertion.VerificationHardAssert" name="verifyTitle" time="2.156"/>
</testsuite> <!-- assertion.VerificationHardAssert -->
