<?xml version="1.0" encoding="UTF-8"?>
<!-- Generated by org.testng.reporters.JUnitReportReporter -->
<testsuite hostname="LAPTOP-CRIJDQQM" failures="0" tests="5" name="testNGScripts.FacebookPriority$Facebook" time="0.011" errors="0" timestamp="2025-06-13T16:25:20 IST" skipped="0">
  <testcase classname="testNGScripts.FacebookPriority$Facebook" name="signup" time="0.006"/>
  <testcase classname="testNGScripts.FacebookPriority$Facebook" name="login" time="0.001"/>
  <testcase classname="testNGScripts.FacebookPriority$Facebook" name="homepage" time="0.001"/>
  <testcase classname="testNGScripts.FacebookPriority$Facebook" name="profile" time="0.002"/>
  <testcase classname="testNGScripts.FacebookPriority$Facebook" name="logout" time="0.001"/>
</testsuite> <!-- testNGScripts.FacebookPriority$Facebook -->
