<?xml version="1.0" encoding="UTF-8"?>
<!-- Generated by org.testng.reporters.JUnitReportReporter -->
<testsuite hostname="LAPTOP-CRIJDQQM" failures="0" tests="1" name="testNGScripts.SampleTestCase2" time="0.008" errors="0" timestamp="2025-06-12T16:38:39 IST" skipped="0">
  <testcase classname="testNGScripts.SampleTestCase2" name="testCase" time="0.008">
    <system-out>
      <![CDATA[GOOD AFTERNOON]]>
    </system-out>
  </testcase> <!-- testCase -->
  <system-out>
    <![CDATA[GOOD AFTERNOON
GOOD AFTERNOON]]>
  </system-out>
</testsuite> <!-- testNGScripts.SampleTestCase2 -->
